2011.03.17 13:56:00.600 CET INFO: *** SYSTEM START ***
2011.03.17 13:56:01.522 CET INFO: Loading triples from: null -- ProtegeOWLParser.loadTriples()
2011.03.17 13:56:02.350 CET INFO:     Completed triple loading after 719 ms -- ProtegeOWLParser.loadTriples()
2011.03.17 13:56:02.881 CET INFO: Importing http://sqwrl.stanford.edu/ontologies/built-ins/3.4/sqwrl.owl from location: http://sqwrl.stanford.edu/ontologies/built-ins/3.4/sqwrl.owl -- AbstractOWLModel.loadImportedAssertions()
2011.03.17 13:56:03.756 CET INFO: Loading triples from: http://sqwrl.stanford.edu/ontologies/built-ins/3.4/sqwrl.owl -- ProtegeOWLParser.loadTriples()
2011.03.17 13:56:03.772 CET INFO:     Completed triple loading after 16 ms -- ProtegeOWLParser.loadTriples()
2011.03.17 13:56:04.225 CET INFO: Importing http://swrl.stanford.edu/ontologies/3.3/swrla.owl from location: http://swrl.stanford.edu/ontologies/3.3/swrla.owl -- AbstractOWLModel.loadImportedAssertions()
2011.03.17 13:56:05.115 CET INFO: Loading triples from: http://swrl.stanford.edu/ontologies/3.3/swrla.owl -- ProtegeOWLParser.loadTriples()
2011.03.17 13:56:05.131 CET INFO:     Completed triple loading after 16 ms -- ProtegeOWLParser.loadTriples()
2011.03.17 13:56:05.131 CET INFO: Importing http://www.w3.org/2003/11/swrl from location: C:\ontologies\retOnto\swrl.owl -- AbstractOWLModel.loadImportedAssertions()
2011.03.17 13:56:05.147 CET INFO: Loading triples from: http://www.w3.org/2003/11/swrl -- ProtegeOWLParser.loadTriples()
2011.03.17 13:56:05.178 CET INFO:     Completed triple loading after 31 ms -- ProtegeOWLParser.loadTriples()
2011.03.17 13:56:05.178 CET INFO: Importing http://www.w3.org/2003/11/swrlb from location: C:\ontologies\retOnto\swrlb.owl -- AbstractOWLModel.loadImportedAssertions()
2011.03.17 13:56:05.178 CET INFO: Loading triples from: http://www.w3.org/2003/11/swrlb -- ProtegeOWLParser.loadTriples()
2011.03.17 13:56:05.193 CET INFO:     Completed triple loading after 15 ms -- ProtegeOWLParser.loadTriples()
2011.03.17 13:56:05.193 CET INFO: Importing http://www.cc.uah.es/ie/ont/idtheories.owl from location: C:\ontologies\retOnto\idtheories.owl -- AbstractOWLModel.loadImportedAssertions()
2011.03.17 13:56:05.209 CET INFO: Loading triples from: http://www.cc.uah.es/ie/ont/idtheories.owl -- ProtegeOWLParser.loadTriples()
2011.03.17 13:56:05.209 CET INFO:     Completed triple loading after 0 ms -- ProtegeOWLParser.loadTriples()
2011.03.17 13:56:05.209 CET INFO: Importing http://www.eume.net/ontology/ld.owl from location: C:\ontologies\retOnto\LD_LevelA_1.0_v1.owl -- AbstractOWLModel.loadImportedAssertions()
2011.03.17 13:56:05.225 CET INFO: Loading triples from: http://www.eume.net/ontology/ld.owl -- ProtegeOWLParser.loadTriples()
2011.03.17 13:56:05.350 CET INFO:     Completed triple loading after 125 ms -- ProtegeOWLParser.loadTriples()
2011.03.17 13:56:05.350 CET INFO: Importing http://www.eume.net/ontology/uol.owl from location: C:\ontologies\retOnto\UOL1.0.owl -- AbstractOWLModel.loadImportedAssertions()
2011.03.17 13:56:05.365 CET INFO: Loading triples from: http://www.eume.net/ontology/uol.owl -- ProtegeOWLParser.loadTriples()
2011.03.17 13:56:05.365 CET INFO:     Completed triple loading after 0 ms -- ProtegeOWLParser.loadTriples()
2011.03.17 13:56:05.365 CET INFO: Importing http://www.eume.net/ontology/lom.owl from location: C:\ontologies\retOnto\LOM1.2.1.owl -- AbstractOWLModel.loadImportedAssertions()
2011.03.17 13:56:05.365 CET INFO: Loading triples from: http://www.eume.net/ontology/lom.owl -- ProtegeOWLParser.loadTriples()
2011.03.17 13:56:05.412 CET INFO:     Completed triple loading after 47 ms -- ProtegeOWLParser.loadTriples()
2011.03.17 13:56:05.412 CET INFO: Postprocess: Process entities with incorrect Java type (2 entities) ...  -- TriplePostProcessor.processFramesWithWrongJavaType()
2011.03.17 13:56:05.412 CET INFO: 0 ms
 -- TriplePostProcessor.processFramesWithWrongJavaType()
2011.03.17 13:56:05.412 CET INFO: Postprocess: Process metaclasses (3 metaclasses) ...  -- TriplePostProcessor.processMetaclasses()
2011.03.17 13:56:05.412 CET INFO: 0 ms
 -- TriplePostProcessor.processMetaclasses()
2011.03.17 13:56:05.412 CET INFO: Postprocess: Process subclasses of rdf:List (2 classes) ...  -- TriplePostProcessor.processSubclassesOfRdfList()
2011.03.17 13:56:05.412 CET INFO: 0 ms
 -- TriplePostProcessor.processSubclassesOfRdfList()
2011.03.17 13:56:05.412 CET INFO: Postprocess: Instances with multiple types (240 instances) ...  -- TriplePostProcessor.processInstancesWithMultipleTypes()
2011.03.17 13:56:05.428 CET INFO: 16 ms
 -- TriplePostProcessor.processInstancesWithMultipleTypes()
2011.03.17 13:56:05.428 CET INFO: Postprocess: Add inferred superclasses ...  -- TriplePostProcessor.processInferredSuperclasses()
2011.03.17 13:56:05.428 CET INFO: 0 ms
 -- TriplePostProcessor.processInferredSuperclasses()
2011.03.17 13:56:05.428 CET INFO: Postprocess: Process orphan classes (72 classes) ...  -- TriplePostProcessor.processOrphanClses()
2011.03.17 13:56:05.428 CET INFO: 0 ms
 -- TriplePostProcessor.processOrphanClses()
2011.03.17 13:56:05.428 CET INFO: Postprocess: Generalized Concept Inclusion (0 axioms) ...  -- TriplePostProcessor.processGeneralizedConceptInclusions()
2011.03.17 13:56:05.428 CET INFO: 0 ms
 -- TriplePostProcessor.processGeneralizedConceptInclusions()
2011.03.17 13:56:05.428 CET INFO: Postprocess: Abstract classes...  -- TriplePostProcessor.processAbstractClasses()
2011.03.17 13:56:05.428 CET INFO: 0 ms
 -- TriplePostProcessor.processAbstractClasses()
2011.03.17 13:56:05.428 CET INFO: Postprocess: Domain and range of properties...  -- TriplePostProcessor.processDomainAndRange()
2011.03.17 13:56:05.459 CET INFO: 31 ms
 -- TriplePostProcessor.processDomainAndRange()
2011.03.17 13:56:05.459 CET INFO: Postprocess: Possibly typed entities (2 resources) ...  -- TriplePostProcessor.processPossiblyTypedResources()
2011.03.17 13:56:05.459 CET INFO: 0 ms
 -- TriplePostProcessor.processPossiblyTypedResources()
2011.03.17 13:56:05.459 CET INFO: Updating underlying frames model in 0 ms -- ProtegeOWLParser.doFinalPostProcessing()
2011.03.21 17:33:13.875 CET INFO: *** SYSTEM START ***
2011.03.21 17:33:14.640 CET INFO: Loading triples from: null -- ProtegeOWLParser.loadTriples()
2011.03.21 17:33:15.140 CET INFO:     Completed triple loading after 422 ms -- ProtegeOWLParser.loadTriples()
2011.03.21 17:33:15.640 CET INFO: Importing http://sqwrl.stanford.edu/ontologies/built-ins/3.4/sqwrl.owl from location: http://sqwrl.stanford.edu/ontologies/built-ins/3.4/sqwrl.owl -- AbstractOWLModel.loadImportedAssertions()
2011.03.21 17:33:16.625 CET INFO: Loading triples from: http://sqwrl.stanford.edu/ontologies/built-ins/3.4/sqwrl.owl -- ProtegeOWLParser.loadTriples()
2011.03.21 17:33:16.625 CET INFO:     Completed triple loading after 0 ms -- ProtegeOWLParser.loadTriples()
2011.03.21 17:33:17.062 CET INFO: Importing http://swrl.stanford.edu/ontologies/3.3/swrla.owl from location: http://swrl.stanford.edu/ontologies/3.3/swrla.owl -- AbstractOWLModel.loadImportedAssertions()
2011.03.21 17:33:18.031 CET INFO: Loading triples from: http://swrl.stanford.edu/ontologies/3.3/swrla.owl -- ProtegeOWLParser.loadTriples()
2011.03.21 17:33:18.046 CET INFO:     Completed triple loading after 15 ms -- ProtegeOWLParser.loadTriples()
2011.03.21 17:33:18.046 CET INFO: Importing http://www.w3.org/2003/11/swrl from location: C:\ontologies\retOnto\swrl.owl -- AbstractOWLModel.loadImportedAssertions()
2011.03.21 17:33:18.046 CET INFO: Loading triples from: http://www.w3.org/2003/11/swrl -- ProtegeOWLParser.loadTriples()
2011.03.21 17:33:18.078 CET INFO:     Completed triple loading after 32 ms -- ProtegeOWLParser.loadTriples()
2011.03.21 17:33:18.078 CET INFO: Importing http://www.w3.org/2003/11/swrlb from location: C:\ontologies\retOnto\swrlb.owl -- AbstractOWLModel.loadImportedAssertions()
2011.03.21 17:33:18.093 CET INFO: Loading triples from: http://www.w3.org/2003/11/swrlb -- ProtegeOWLParser.loadTriples()
2011.03.21 17:33:18.109 CET INFO:     Completed triple loading after 16 ms -- ProtegeOWLParser.loadTriples()
2011.03.21 17:33:18.109 CET INFO: Importing http://www.cc.uah.es/ie/ont/idtheories.owl from location: C:\ontologies\retOnto\idtheories.owl -- AbstractOWLModel.loadImportedAssertions()
2011.03.21 17:33:18.125 CET INFO: Loading triples from: http://www.cc.uah.es/ie/ont/idtheories.owl -- ProtegeOWLParser.loadTriples()
2011.03.21 17:33:18.125 CET INFO:     Completed triple loading after 0 ms -- ProtegeOWLParser.loadTriples()
2011.03.21 17:33:18.125 CET INFO: Importing http://www.eume.net/ontology/ld.owl from location: C:\ontologies\retOnto\LD_LevelA_1.0_v1.owl -- AbstractOWLModel.loadImportedAssertions()
2011.03.21 17:33:18.125 CET INFO: Loading triples from: http://www.eume.net/ontology/ld.owl -- ProtegeOWLParser.loadTriples()
2011.03.21 17:33:18.187 CET INFO:     Completed triple loading after 62 ms -- ProtegeOWLParser.loadTriples()
2011.03.21 17:33:18.187 CET INFO: Importing http://www.eume.net/ontology/uol.owl from location: C:\ontologies\retOnto\UOL1.0.owl -- AbstractOWLModel.loadImportedAssertions()
2011.03.21 17:33:18.187 CET INFO: Loading triples from: http://www.eume.net/ontology/uol.owl -- ProtegeOWLParser.loadTriples()
2011.03.21 17:33:18.203 CET INFO:     Completed triple loading after 16 ms -- ProtegeOWLParser.loadTriples()
2011.03.21 17:33:18.203 CET INFO: Importing http://www.eume.net/ontology/lom.owl from location: C:\ontologies\retOnto\LOM1.2.1.owl -- AbstractOWLModel.loadImportedAssertions()
2011.03.21 17:33:18.203 CET INFO: Loading triples from: http://www.eume.net/ontology/lom.owl -- ProtegeOWLParser.loadTriples()
2011.03.21 17:33:18.234 CET INFO:     Completed triple loading after 31 ms -- ProtegeOWLParser.loadTriples()
2011.03.21 17:33:18.234 CET INFO: Postprocess: Process entities with incorrect Java type (2 entities) ...  -- TriplePostProcessor.processFramesWithWrongJavaType()
2011.03.21 17:33:18.234 CET INFO: 0 ms
 -- TriplePostProcessor.processFramesWithWrongJavaType()
2011.03.21 17:33:18.234 CET INFO: Postprocess: Process metaclasses (3 metaclasses) ...  -- TriplePostProcessor.processMetaclasses()
2011.03.21 17:33:18.234 CET INFO: 0 ms
 -- TriplePostProcessor.processMetaclasses()
2011.03.21 17:33:18.234 CET INFO: Postprocess: Process subclasses of rdf:List (2 classes) ...  -- TriplePostProcessor.processSubclassesOfRdfList()
2011.03.21 17:33:18.234 CET INFO: 0 ms
 -- TriplePostProcessor.processSubclassesOfRdfList()
2011.03.21 17:33:18.234 CET INFO: Postprocess: Instances with multiple types (240 instances) ...  -- TriplePostProcessor.processInstancesWithMultipleTypes()
2011.03.21 17:33:18.250 CET INFO: 16 ms
 -- TriplePostProcessor.processInstancesWithMultipleTypes()
2011.03.21 17:33:18.250 CET INFO: Postprocess: Add inferred superclasses ...  -- TriplePostProcessor.processInferredSuperclasses()
2011.03.21 17:33:18.250 CET INFO: 0 ms
 -- TriplePostProcessor.processInferredSuperclasses()
2011.03.21 17:33:18.250 CET INFO: Postprocess: Process orphan classes (72 classes) ...  -- TriplePostProcessor.processOrphanClses()
2011.03.21 17:33:18.250 CET INFO: 0 ms
 -- TriplePostProcessor.processOrphanClses()
2011.03.21 17:33:18.265 CET INFO: Postprocess: Generalized Concept Inclusion (0 axioms) ...  -- TriplePostProcessor.processGeneralizedConceptInclusions()
2011.03.21 17:33:18.265 CET INFO: 0 ms
 -- TriplePostProcessor.processGeneralizedConceptInclusions()
2011.03.21 17:33:18.265 CET INFO: Postprocess: Abstract classes...  -- TriplePostProcessor.processAbstractClasses()
2011.03.21 17:33:18.265 CET INFO: 0 ms
 -- TriplePostProcessor.processAbstractClasses()
2011.03.21 17:33:18.265 CET INFO: Postprocess: Domain and range of properties...  -- TriplePostProcessor.processDomainAndRange()
2011.03.21 17:33:18.281 CET INFO: 16 ms
 -- TriplePostProcessor.processDomainAndRange()
2011.03.21 17:33:18.281 CET INFO: Postprocess: Possibly typed entities (2 resources) ...  -- TriplePostProcessor.processPossiblyTypedResources()
2011.03.21 17:33:18.281 CET INFO: 0 ms
 -- TriplePostProcessor.processPossiblyTypedResources()
2011.03.21 17:33:18.281 CET INFO: Updating underlying frames model in 0 ms -- ProtegeOWLParser.doFinalPostProcessing()
2011.03.21 21:58:58.046 CET INFO: *** SYSTEM START ***
2011.03.21 21:58:58.828 CET INFO: Loading triples from: null -- ProtegeOWLParser.loadTriples()
2011.03.21 21:58:59.343 CET INFO:     Completed triple loading after 437 ms -- ProtegeOWLParser.loadTriples()
2011.03.21 21:58:59.875 CET INFO: Importing http://sqwrl.stanford.edu/ontologies/built-ins/3.4/sqwrl.owl from location: http://sqwrl.stanford.edu/ontologies/built-ins/3.4/sqwrl.owl -- AbstractOWLModel.loadImportedAssertions()
2011.03.21 21:59:00.921 CET INFO: Loading triples from: http://sqwrl.stanford.edu/ontologies/built-ins/3.4/sqwrl.owl -- ProtegeOWLParser.loadTriples()
2011.03.21 21:59:00.921 CET INFO:     Completed triple loading after 0 ms -- ProtegeOWLParser.loadTriples()
2011.03.21 21:59:01.375 CET INFO: Importing http://swrl.stanford.edu/ontologies/3.3/swrla.owl from location: http://swrl.stanford.edu/ontologies/3.3/swrla.owl -- AbstractOWLModel.loadImportedAssertions()
2011.03.21 21:59:02.296 CET INFO: Loading triples from: http://swrl.stanford.edu/ontologies/3.3/swrla.owl -- ProtegeOWLParser.loadTriples()
2011.03.21 21:59:02.312 CET INFO:     Completed triple loading after 16 ms -- ProtegeOWLParser.loadTriples()
2011.03.21 21:59:02.312 CET INFO: Importing http://www.w3.org/2003/11/swrl from location: C:\ontologies\retOnto\swrl.owl -- AbstractOWLModel.loadImportedAssertions()
2011.03.21 21:59:02.328 CET INFO: Loading triples from: http://www.w3.org/2003/11/swrl -- ProtegeOWLParser.loadTriples()
2011.03.21 21:59:02.343 CET INFO:     Completed triple loading after 15 ms -- ProtegeOWLParser.loadTriples()
2011.03.21 21:59:02.343 CET INFO: Importing http://www.w3.org/2003/11/swrlb from location: C:\ontologies\retOnto\swrlb.owl -- AbstractOWLModel.loadImportedAssertions()
2011.03.21 21:59:02.359 CET INFO: Loading triples from: http://www.w3.org/2003/11/swrlb -- ProtegeOWLParser.loadTriples()
2011.03.21 21:59:02.390 CET INFO:     Completed triple loading after 31 ms -- ProtegeOWLParser.loadTriples()
2011.03.21 21:59:02.390 CET INFO: Importing http://www.cc.uah.es/ie/ont/idtheories.owl from location: C:\ontologies\retOnto\idtheories.owl -- AbstractOWLModel.loadImportedAssertions()
2011.03.21 21:59:02.390 CET INFO: Loading triples from: http://www.cc.uah.es/ie/ont/idtheories.owl -- ProtegeOWLParser.loadTriples()
2011.03.21 21:59:02.406 CET INFO:     Completed triple loading after 16 ms -- ProtegeOWLParser.loadTriples()
2011.03.21 21:59:02.406 CET INFO: Importing http://www.eume.net/ontology/ld.owl from location: C:\ontologies\retOnto\LD_LevelA_1.0_v1.owl -- AbstractOWLModel.loadImportedAssertions()
2011.03.21 21:59:02.406 CET INFO: Loading triples from: http://www.eume.net/ontology/ld.owl -- ProtegeOWLParser.loadTriples()
2011.03.21 21:59:02.468 CET INFO:     Completed triple loading after 62 ms -- ProtegeOWLParser.loadTriples()
2011.03.21 21:59:02.468 CET INFO: Importing http://www.eume.net/ontology/uol.owl from location: C:\ontologies\retOnto\UOL1.0.owl -- AbstractOWLModel.loadImportedAssertions()
2011.03.21 21:59:02.468 CET INFO: Loading triples from: http://www.eume.net/ontology/uol.owl -- ProtegeOWLParser.loadTriples()
2011.03.21 21:59:02.468 CET INFO:     Completed triple loading after 0 ms -- ProtegeOWLParser.loadTriples()
2011.03.21 21:59:02.468 CET INFO: Importing http://www.eume.net/ontology/lom.owl from location: C:\ontologies\retOnto\LOM1.2.1.owl -- AbstractOWLModel.loadImportedAssertions()
2011.03.21 21:59:02.468 CET INFO: Loading triples from: http://www.eume.net/ontology/lom.owl -- ProtegeOWLParser.loadTriples()
2011.03.21 21:59:02.515 CET INFO:     Completed triple loading after 47 ms -- ProtegeOWLParser.loadTriples()
2011.03.21 21:59:02.515 CET INFO: Postprocess: Process entities with incorrect Java type (2 entities) ...  -- TriplePostProcessor.processFramesWithWrongJavaType()
2011.03.21 21:59:02.515 CET INFO: 0 ms
 -- TriplePostProcessor.processFramesWithWrongJavaType()
2011.03.21 21:59:02.515 CET INFO: Postprocess: Process metaclasses (3 metaclasses) ...  -- TriplePostProcessor.processMetaclasses()
2011.03.21 21:59:02.515 CET INFO: 0 ms
 -- TriplePostProcessor.processMetaclasses()
2011.03.21 21:59:02.515 CET INFO: Postprocess: Process subclasses of rdf:List (2 classes) ...  -- TriplePostProcessor.processSubclassesOfRdfList()
2011.03.21 21:59:02.515 CET INFO: 0 ms
 -- TriplePostProcessor.processSubclassesOfRdfList()
2011.03.21 21:59:02.515 CET INFO: Postprocess: Instances with multiple types (240 instances) ...  -- TriplePostProcessor.processInstancesWithMultipleTypes()
2011.03.21 21:59:02.531 CET INFO: 16 ms
 -- TriplePostProcessor.processInstancesWithMultipleTypes()
2011.03.21 21:59:02.531 CET INFO: Postprocess: Add inferred superclasses ...  -- TriplePostProcessor.processInferredSuperclasses()
2011.03.21 21:59:02.531 CET INFO: 0 ms
 -- TriplePostProcessor.processInferredSuperclasses()
2011.03.21 21:59:02.531 CET INFO: Postprocess: Process orphan classes (72 classes) ...  -- TriplePostProcessor.processOrphanClses()
2011.03.21 21:59:02.531 CET INFO: 0 ms
 -- TriplePostProcessor.processOrphanClses()
2011.03.21 21:59:02.531 CET INFO: Postprocess: Generalized Concept Inclusion (0 axioms) ...  -- TriplePostProcessor.processGeneralizedConceptInclusions()
2011.03.21 21:59:02.531 CET INFO: 0 ms
 -- TriplePostProcessor.processGeneralizedConceptInclusions()
2011.03.21 21:59:02.531 CET INFO: Postprocess: Abstract classes...  -- TriplePostProcessor.processAbstractClasses()
2011.03.21 21:59:02.531 CET INFO: 0 ms
 -- TriplePostProcessor.processAbstractClasses()
2011.03.21 21:59:02.531 CET INFO: Postprocess: Domain and range of properties...  -- TriplePostProcessor.processDomainAndRange()
2011.03.21 21:59:02.562 CET INFO: 31 ms
 -- TriplePostProcessor.processDomainAndRange()
2011.03.21 21:59:02.562 CET INFO: Postprocess: Possibly typed entities (2 resources) ...  -- TriplePostProcessor.processPossiblyTypedResources()
2011.03.21 21:59:02.562 CET INFO: 0 ms
 -- TriplePostProcessor.processPossiblyTypedResources()
2011.03.21 21:59:02.562 CET INFO: Updating underlying frames model in 0 ms -- ProtegeOWLParser.doFinalPostProcessing()
